<?xml version="1.0" encoding="UTF-8"?>
<!-- Generated by org.testng.reporters.JUnitReportReporter -->
<testsuite hostname="LAPTOP-PLNO5R2G" failures="0" tests="1" name="com.qa.demoblaze.testcases.DemoBlaze_LogOut_Test" time="8.357" errors="0" timestamp="2023-10-19T13:55:35 PDT" skipped="0">
  <testcase classname="com.qa.demoblaze.testcases.DemoBlaze_LogOut_Test" name="logOutAndBannerDisplay" time="8.357"/>
</testsuite> <!-- com.qa.demoblaze.testcases.DemoBlaze_LogOut_Test -->
