<?xml version="1.0" encoding="UTF-8"?>
<!-- Generated by org.testng.reporters.JUnitReportReporter -->
<testsuite hostname="LAPTOP-PLNO5R2G" failures="0" tests="2" name="com.qa.demoblaze.testcases.DemoBlaze_Landing_Test" time="5.001" errors="0" timestamp="2023-10-19T13:55:35 PDT" skipped="0">
  <testcase classname="com.qa.demoblaze.testcases.DemoBlaze_Landing_Test" name="CurrentUrlAndActualTitle" time="3.052"/>
  <testcase classname="com.qa.demoblaze.testcases.DemoBlaze_Landing_Test" name="PresenceOfProductStoreBanner" time="1.949"/>
</testsuite> <!-- com.qa.demoblaze.testcases.DemoBlaze_Landing_Test -->
