<?xml version="1.0" encoding="UTF-8"?>
<!-- Generated by org.testng.reporters.JUnitReportReporter -->
<testsuite hostname="LAPTOP-PLNO5R2G" failures="0" tests="9" name="com.qa.demoblaze.testcases.DemoBlaze_LogIn_Test" time="58.965" errors="0" timestamp="2023-10-19T13:55:35 PDT" skipped="0">
  <testcase classname="com.qa.demoblaze.testcases.DemoBlaze_LogIn_Test" name="loginWithValidCredentials" time="8.307"/>
  <testcase classname="com.qa.demoblaze.testcases.DemoBlaze_LogIn_Test" name="loginWithValidCredentials" time="8.519"/>
  <testcase classname="com.qa.demoblaze.testcases.DemoBlaze_LogIn_Test" name="loginWithValidCredentials" time="8.338"/>
  <testcase classname="com.qa.demoblaze.testcases.DemoBlaze_LogIn_Test" name="loginWithValidCredentials" time="8.426"/>
  <testcase classname="com.qa.demoblaze.testcases.DemoBlaze_LogIn_Test" name="loginWithValidCredentials" time="8.316"/>
  <testcase classname="com.qa.demoblaze.testcases.DemoBlaze_LogIn_Test" name="loginWithInvalidCredentials" time="4.324"/>
  <testcase classname="com.qa.demoblaze.testcases.DemoBlaze_LogIn_Test" name="loginWithInvalidUsernameAndValidPasswoord" time="4.239"/>
  <testcase classname="com.qa.demoblaze.testcases.DemoBlaze_LogIn_Test" name="loginWithValidUsernameInvalidPassword" time="4.311"/>
  <testcase classname="com.qa.demoblaze.testcases.DemoBlaze_LogIn_Test" name="loginWithNoCredentials" time="4.185"/>
</testsuite> <!-- com.qa.demoblaze.testcases.DemoBlaze_LogIn_Test -->
