<?xml version="1.0" encoding="UTF-8"?>
<!-- Generated by org.testng.reporters.JUnitReportReporter -->
<testsuite hostname="LAPTOP-PLNO5R2G" failures="0" tests="2" name="com.qa.demoblaze.testcases.DemoBlaze_Landing_Test" time="8.981" errors="0" timestamp="2023-10-18T17:16:41 PDT" skipped="0">
  <testcase classname="com.qa.demoblaze.testcases.DemoBlaze_Landing_Test" name="CurrentUrlAndActualTitle" time="4.174"/>
  <testcase classname="com.qa.demoblaze.testcases.DemoBlaze_Landing_Test" name="PresenceOfProductStoreBanner" time="4.807"/>
</testsuite> <!-- com.qa.demoblaze.testcases.DemoBlaze_Landing_Test -->
