<?xml version="1.0" encoding="UTF-8"?>
<!-- Generated by org.testng.reporters.JUnitReportReporter -->
<testsuite hostname="LAPTOP-PLNO5R2G" failures="0" tests="1" name="com.qa.demoblaze.testcases.DemoBlaze_Links_Test" time="6.811" errors="0" timestamp="2023-10-18T17:16:41 PDT" skipped="0">
  <testcase classname="com.qa.demoblaze.testcases.DemoBlaze_Links_Test" name="linkTests" time="6.811"/>
</testsuite> <!-- com.qa.demoblaze.testcases.DemoBlaze_Links_Test -->
