<?xml version="1.0" encoding="UTF-8"?>
<!-- Generated by org.testng.reporters.JUnitReportReporter -->
<testsuite hostname="LAPTOP-PLNO5R2G" failures="0" tests="9" name="com.qa.demoblaze.testcases.DemoBlaze_LogIn_Test" time="69.721" errors="0" timestamp="2023-10-18T17:16:41 PDT" skipped="0">
  <testcase classname="com.qa.demoblaze.testcases.DemoBlaze_LogIn_Test" name="loginWithValidCredentials" time="12.524"/>
  <testcase classname="com.qa.demoblaze.testcases.DemoBlaze_LogIn_Test" name="loginWithValidCredentials" time="9.662"/>
  <testcase classname="com.qa.demoblaze.testcases.DemoBlaze_LogIn_Test" name="loginWithValidCredentials" time="9.154"/>
  <testcase classname="com.qa.demoblaze.testcases.DemoBlaze_LogIn_Test" name="loginWithValidCredentials" time="9.460"/>
  <testcase classname="com.qa.demoblaze.testcases.DemoBlaze_LogIn_Test" name="loginWithValidCredentials" time="10.035"/>
  <testcase classname="com.qa.demoblaze.testcases.DemoBlaze_LogIn_Test" name="loginWithInvalidCredentials" time="4.598"/>
  <testcase classname="com.qa.demoblaze.testcases.DemoBlaze_LogIn_Test" name="loginWithInvalidUsernameAndValidPasswoord" time="5.189"/>
  <testcase classname="com.qa.demoblaze.testcases.DemoBlaze_LogIn_Test" name="loginWithValidUsernameInvalidPassword" time="4.765"/>
  <testcase classname="com.qa.demoblaze.testcases.DemoBlaze_LogIn_Test" name="loginWithNoCredentials" time="4.334"/>
</testsuite> <!-- com.qa.demoblaze.testcases.DemoBlaze_LogIn_Test -->
